<?xml version="1.0" encoding="UTF-8" ?>
<testsuite failures="1" time="1.174" errors="0" skipped="8" tests="9" name="TestSuite">
  <properties>
    <property name="java.runtime.name" value="Java(TM) SE Runtime Environment"/>
    <property name="sun.boot.library.path" value="/Library/Java/JavaVirtualMachines/jdk1.7.0_75.jdk/Contents/Home/jre/lib"/>
    <property name="java.vm.version" value="24.75-b04"/>
    <property name="user.country.format" value="HK"/>
    <property name="gopherProxySet" value="false"/>
    <property name="java.vm.vendor" value="Oracle Corporation"/>
    <property name="java.vendor.url" value="http://java.oracle.com/"/>
    <property name="path.separator" value=":"/>
    <property name="java.vm.name" value="Java HotSpot(TM) 64-Bit Server VM"/>
    <property name="file.encoding.pkg" value="sun.io"/>
    <property name="user.country" value="US"/>
    <property name="sun.java.launcher" value="SUN_STANDARD"/>
    <property name="sun.os.patch.level" value="unknown"/>
    <property name="java.vm.specification.name" value="Java Virtual Machine Specification"/>
    <property name="user.dir" value="/Users/lexisnexis/Documents/Jenkins/workspace/Red automation test for Android"/>
    <property name="java.runtime.version" value="1.7.0_75-b13"/>
    <property name="java.awt.graphicsenv" value="sun.awt.CGraphicsEnvironment"/>
    <property name="basedir" value="/Users/lexisnexis/Documents/Jenkins/workspace/Red automation test for Android"/>
    <property name="java.endorsed.dirs" value="/Library/Java/JavaVirtualMachines/jdk1.7.0_75.jdk/Contents/Home/jre/lib/endorsed"/>
    <property name="os.arch" value="x86_64"/>
    <property name="surefire.real.class.path" value="/var/folders/hd/b26w6ncj70bfdh7py6h_rhdh0000gn/T/surefirebooter5887654221341366182.jar"/>
    <property name="java.io.tmpdir" value="/var/folders/hd/b26w6ncj70bfdh7py6h_rhdh0000gn/T/"/>
    <property name="line.separator" value="
"/>
    <property name="java.vm.specification.vendor" value="Oracle Corporation"/>
    <property name="os.name" value="Mac OS X"/>
    <property name="sun.jnu.encoding" value="UTF-8"/>
    <property name="java.library.path" value="/Users/lexisnexis/Library/Java/Extensions:/Library/Java/Extensions:/Network/Library/Java/Extensions:/System/Library/Java/Extensions:/usr/lib/java:."/>
    <property name="surefire.test.class.path" value="/Users/lexisnexis/Documents/Jenkins/workspace/Red automation test for Android/target/test-classes:/Users/lexisnexis/Documents/Jenkins/workspace/Red automation test for Android/target/classes:/Users/lexisnexis/.m2/repository/io/appium/java-client/2.2.0/java-client-2.2.0.jar:/Users/lexisnexis/.m2/repository/com/google/code/gson/gson/2.2.4/gson-2.2.4.jar:/Users/lexisnexis/.m2/repository/junit/junit/4.11/junit-4.11.jar:/Users/lexisnexis/.m2/repository/org/hamcrest/hamcrest-core/1.3/hamcrest-core-1.3.jar:/Users/lexisnexis/.m2/repository/org/apache/httpcomponents/httpclient/4.3.3/httpclient-4.3.3.jar:/Users/lexisnexis/.m2/repository/org/apache/httpcomponents/httpcore/4.3.2/httpcore-4.3.2.jar:/Users/lexisnexis/.m2/repository/commons-logging/commons-logging/1.1.3/commons-logging-1.1.3.jar:/Users/lexisnexis/.m2/repository/commons-codec/commons-codec/1.6/commons-codec-1.6.jar:/Users/lexisnexis/.m2/repository/com/google/guava/guava/17.0/guava-17.0.jar:/Users/lexisnexis/.m2/repository/cglib/cglib/3.1/cglib-3.1.jar:/Users/lexisnexis/.m2/repository/org/ow2/asm/asm/4.2/asm-4.2.jar:/Users/lexisnexis/.m2/repository/org/seleniumhq/selenium/selenium-java/2.46.0/selenium-java-2.46.0.jar:/Users/lexisnexis/.m2/repository/org/seleniumhq/selenium/selenium-chrome-driver/2.46.0/selenium-chrome-driver-2.46.0.jar:/Users/lexisnexis/.m2/repository/org/seleniumhq/selenium/selenium-remote-driver/2.46.0/selenium-remote-driver-2.46.0.jar:/Users/lexisnexis/.m2/repository/cglib/cglib-nodep/2.1_3/cglib-nodep-2.1_3.jar:/Users/lexisnexis/.m2/repository/org/seleniumhq/selenium/selenium-api/2.46.0/selenium-api-2.46.0.jar:/Users/lexisnexis/.m2/repository/org/seleniumhq/selenium/selenium-htmlunit-driver/2.46.0/selenium-htmlunit-driver-2.46.0.jar:/Users/lexisnexis/.m2/repository/net/sourceforge/htmlunit/htmlunit/2.17/htmlunit-2.17.jar:/Users/lexisnexis/.m2/repository/xalan/xalan/2.7.2/xalan-2.7.2.jar:/Users/lexisnexis/.m2/repository/xalan/serializer/2.7.2/serializer-2.7.2.jar:/Users/lexisnexis/.m2/repository/commons-collections/commons-collections/3.2.1/commons-collections-3.2.1.jar:/Users/lexisnexis/.m2/repository/org/apache/commons/commons-lang3/3.4/commons-lang3-3.4.jar:/Users/lexisnexis/.m2/repository/org/apache/httpcomponents/httpmime/4.4.1/httpmime-4.4.1.jar:/Users/lexisnexis/.m2/repository/net/sourceforge/htmlunit/htmlunit-core-js/2.17/htmlunit-core-js-2.17.jar:/Users/lexisnexis/.m2/repository/xerces/xercesImpl/2.11.0/xercesImpl-2.11.0.jar:/Users/lexisnexis/.m2/repository/net/sourceforge/nekohtml/nekohtml/1.9.22/nekohtml-1.9.22.jar:/Users/lexisnexis/.m2/repository/net/sourceforge/cssparser/cssparser/0.9.16/cssparser-0.9.16.jar:/Users/lexisnexis/.m2/repository/org/w3c/css/sac/1.3/sac-1.3.jar:/Users/lexisnexis/.m2/repository/org/eclipse/jetty/websocket/websocket-client/9.2.11.v20150529/websocket-client-9.2.11.v20150529.jar:/Users/lexisnexis/.m2/repository/org/eclipse/jetty/jetty-util/9.2.11.v20150529/jetty-util-9.2.11.v20150529.jar:/Users/lexisnexis/.m2/repository/org/eclipse/jetty/jetty-io/9.2.11.v20150529/jetty-io-9.2.11.v20150529.jar:/Users/lexisnexis/.m2/repository/org/eclipse/jetty/websocket/websocket-common/9.2.11.v20150529/websocket-common-9.2.11.v20150529.jar:/Users/lexisnexis/.m2/repository/org/eclipse/jetty/websocket/websocket-api/9.2.11.v20150529/websocket-api-9.2.11.v20150529.jar:/Users/lexisnexis/.m2/repository/org/seleniumhq/selenium/selenium-firefox-driver/2.46.0/selenium-firefox-driver-2.46.0.jar:/Users/lexisnexis/.m2/repository/commons-io/commons-io/2.4/commons-io-2.4.jar:/Users/lexisnexis/.m2/repository/org/apache/commons/commons-exec/1.3/commons-exec-1.3.jar:/Users/lexisnexis/.m2/repository/org/seleniumhq/selenium/selenium-ie-driver/2.46.0/selenium-ie-driver-2.46.0.jar:/Users/lexisnexis/.m2/repository/net/java/dev/jna/jna/4.1.0/jna-4.1.0.jar:/Users/lexisnexis/.m2/repository/net/java/dev/jna/jna-platform/4.1.0/jna-platform-4.1.0.jar:/Users/lexisnexis/.m2/repository/org/seleniumhq/selenium/selenium-safari-driver/2.46.0/selenium-safari-driver-2.46.0.jar:/Users/lexisnexis/.m2/repository/org/seleniumhq/selenium/selenium-support/2.46.0/selenium-support-2.46.0.jar:/Users/lexisnexis/.m2/repository/org/webbitserver/webbit/0.4.14/webbit-0.4.14.jar:/Users/lexisnexis/.m2/repository/io/netty/netty/3.5.2.Final/netty-3.5.2.Final.jar:/Users/lexisnexis/.m2/repository/org/seleniumhq/selenium/selenium-leg-rc/2.46.0/selenium-leg-rc-2.46.0.jar:/Users/lexisnexis/.m2/repository/org/apache/poi/poi-ooxml/3.9/poi-ooxml-3.9.jar:/Users/lexisnexis/.m2/repository/org/apache/poi/poi/3.9/poi-3.9.jar:/Users/lexisnexis/.m2/repository/org/apache/poi/poi-ooxml-schemas/3.9/poi-ooxml-schemas-3.9.jar:/Users/lexisnexis/.m2/repository/org/apache/xmlbeans/xmlbeans/2.3.0/xmlbeans-2.3.0.jar:/Users/lexisnexis/.m2/repository/stax/stax-api/1.0.1/stax-api-1.0.1.jar:/Users/lexisnexis/.m2/repository/dom4j/dom4j/1.6.1/dom4j-1.6.1.jar:/Users/lexisnexis/.m2/repository/xml-apis/xml-apis/1.0.b2/xml-apis-1.0.b2.jar:/Users/lexisnexis/.m2/repository/org/uncommons/reportng/1.1.4/reportng-1.1.4.jar:/Users/lexisnexis/.m2/repository/velocity/velocity/1.4/velocity-1.4.jar:/Users/lexisnexis/.m2/repository/velocity/velocity-dep/1.4/velocity-dep-1.4.jar:/Users/lexisnexis/.m2/repository/com/google/inject/guice/4.0/guice-4.0.jar:/Users/lexisnexis/.m2/repository/javax/inject/javax.inject/1/javax.inject-1.jar:/Users/lexisnexis/.m2/repository/aopalliance/aopalliance/1.0/aopalliance-1.0.jar:/Users/lexisnexis/.m2/repository/commons-net/commons-net/3.3/commons-net-3.3.jar:/Users/lexisnexis/.m2/repository/net/sourceforge/jtds/jtds/1.2.4/jtds-1.2.4.jar:/Users/lexisnexis/.m2/repository/org/apache/maven/plugins/maven-resources-plugin/2.6/maven-resources-plugin-2.6.jar:/Users/lexisnexis/.m2/repository/org/apache/maven/maven-plugin-api/2.0.6/maven-plugin-api-2.0.6.jar:/Users/lexisnexis/.m2/repository/org/apache/maven/maven-project/2.0.6/maven-project-2.0.6.jar:/Users/lexisnexis/.m2/repository/org/apache/maven/maven-profile/2.0.6/maven-profile-2.0.6.jar:/Users/lexisnexis/.m2/repository/org/apache/maven/maven-artifact-manager/2.0.6/maven-artifact-manager-2.0.6.jar:/Users/lexisnexis/.m2/repository/org/apache/maven/maven-plugin-registry/2.0.6/maven-plugin-registry-2.0.6.jar:/Users/lexisnexis/.m2/repository/org/apache/maven/maven-core/2.0.6/maven-core-2.0.6.jar:/Users/lexisnexis/.m2/repository/org/apache/maven/wagon/wagon-file/1.0-beta-2/wagon-file-1.0-beta-2.jar:/Users/lexisnexis/.m2/repository/org/apache/maven/maven-plugin-parameter-documenter/2.0.6/maven-plugin-parameter-documenter-2.0.6.jar:/Users/lexisnexis/.m2/repository/org/apache/maven/wagon/wagon-http-lightweight/1.0-beta-2/wagon-http-lightweight-1.0-beta-2.jar:/Users/lexisnexis/.m2/repository/org/apache/maven/wagon/wagon-http-shared/1.0-beta-2/wagon-http-shared-1.0-beta-2.jar:/Users/lexisnexis/.m2/repository/jtidy/jtidy/4aug2000r7-dev/jtidy-4aug2000r7-dev.jar:/Users/lexisnexis/.m2/repository/org/apache/maven/reporting/maven-reporting-api/2.0.6/maven-reporting-api-2.0.6.jar:/Users/lexisnexis/.m2/repository/org/apache/maven/doxia/doxia-sink-api/1.0-alpha-7/doxia-sink-api-1.0-alpha-7.jar:/Users/lexisnexis/.m2/repository/org/apache/maven/wagon/wagon-provider-api/1.0-beta-2/wagon-provider-api-1.0-beta-2.jar:/Users/lexisnexis/.m2/repository/org/apache/maven/maven-repository-metadata/2.0.6/maven-repository-metadata-2.0.6.jar:/Users/lexisnexis/.m2/repository/org/apache/maven/maven-error-diagnostics/2.0.6/maven-error-diagnostics-2.0.6.jar:/Users/lexisnexis/.m2/repository/commons-cli/commons-cli/1.0/commons-cli-1.0.jar:/Users/lexisnexis/.m2/repository/org/apache/maven/wagon/wagon-ssh-external/1.0-beta-2/wagon-ssh-external-1.0-beta-2.jar:/Users/lexisnexis/.m2/repository/org/apache/maven/wagon/wagon-ssh-common/1.0-beta-2/wagon-ssh-common-1.0-beta-2.jar:/Users/lexisnexis/.m2/repository/org/apache/maven/maven-plugin-descriptor/2.0.6/maven-plugin-descriptor-2.0.6.jar:/Users/lexisnexis/.m2/repository/org/codehaus/plexus/plexus-interactivity-api/1.0-alpha-4/plexus-interactivity-api-1.0-alpha-4.jar:/Users/lexisnexis/.m2/repository/org/apache/maven/wagon/wagon-ssh/1.0-beta-2/wagon-ssh-1.0-beta-2.jar:/Users/lexisnexis/.m2/repository/com/jcraft/jsch/0.1.27/jsch-0.1.27.jar:/Users/lexisnexis/.m2/repository/classworlds/classworlds/1.1/classworlds-1.1.jar:/Users/lexisnexis/.m2/repository/org/apache/maven/maven-artifact/2.0.6/maven-artifact-2.0.6.jar:/Users/lexisnexis/.m2/repository/org/apache/maven/maven-settings/2.0.6/maven-settings-2.0.6.jar:/Users/lexisnexis/.m2/repository/org/apache/maven/maven-model/2.0.6/maven-model-2.0.6.jar:/Users/lexisnexis/.m2/repository/org/apache/maven/maven-monitor/2.0.6/maven-monitor-2.0.6.jar:/Users/lexisnexis/.m2/repository/org/codehaus/plexus/plexus-container-default/1.0-alpha-9-stable-1/plexus-container-default-1.0-alpha-9-stable-1.jar:/Users/lexisnexis/.m2/repository/org/codehaus/plexus/plexus-utils/2.0.5/plexus-utils-2.0.5.jar:/Users/lexisnexis/.m2/repository/org/apache/maven/shared/maven-filtering/1.1/maven-filtering-1.1.jar:/Users/lexisnexis/.m2/repository/org/sonatype/plexus/plexus-build-api/0.0.4/plexus-build-api-0.0.4.jar:/Users/lexisnexis/.m2/repository/org/codehaus/plexus/plexus-interpolation/1.13/plexus-interpolation-1.13.jar:/Users/lexisnexis/.m2/repository/com/android/ddmlib/ddmlib/r16/ddmlib-r16.jar:/Users/lexisnexis/.m2/repository/org/testng/testng/6.9.10/testng-6.9.10.jar:/Users/lexisnexis/.m2/repository/com/beust/jcommander/1.48/jcommander-1.48.jar:/Users/lexisnexis/.m2/repository/org/beanshell/bsh/2.0b4/bsh-2.0b4.jar:"/>
    <property name="java.specification.name" value="Java Platform API Specification"/>
    <property name="java.class.version" value="51.0"/>
    <property name="sun.management.compiler" value="HotSpot 64-Bit Tiered Compilers"/>
    <property name="os.version" value="10.10.5"/>
    <property name="http.nonProxyHosts" value="local„ÄÅ169.254/16|*.local„ÄÅ169.254/16"/>
    <property name="user.home" value="/Users/lexisnexis"/>
    <property name="user.timezone" value="Asia/Shanghai"/>
    <property name="java.awt.printerjob" value="sun.lwawt.macosx.CPrinterJob"/>
    <property name="java.specification.version" value="1.7"/>
    <property name="file.encoding" value="UTF-8"/>
    <property name="user.name" value="lexisnexis"/>
    <property name="java.class.path" value="/Users/lexisnexis/Documents/Jenkins/workspace/Red automation test for Android/target/test-classes:/Users/lexisnexis/Documents/Jenkins/workspace/Red automation test for Android/target/classes:/Users/lexisnexis/.m2/repository/io/appium/java-client/2.2.0/java-client-2.2.0.jar:/Users/lexisnexis/.m2/repository/com/google/code/gson/gson/2.2.4/gson-2.2.4.jar:/Users/lexisnexis/.m2/repository/junit/junit/4.11/junit-4.11.jar:/Users/lexisnexis/.m2/repository/org/hamcrest/hamcrest-core/1.3/hamcrest-core-1.3.jar:/Users/lexisnexis/.m2/repository/org/apache/httpcomponents/httpclient/4.3.3/httpclient-4.3.3.jar:/Users/lexisnexis/.m2/repository/org/apache/httpcomponents/httpcore/4.3.2/httpcore-4.3.2.jar:/Users/lexisnexis/.m2/repository/commons-logging/commons-logging/1.1.3/commons-logging-1.1.3.jar:/Users/lexisnexis/.m2/repository/commons-codec/commons-codec/1.6/commons-codec-1.6.jar:/Users/lexisnexis/.m2/repository/com/google/guava/guava/17.0/guava-17.0.jar:/Users/lexisnexis/.m2/repository/cglib/cglib/3.1/cglib-3.1.jar:/Users/lexisnexis/.m2/repository/org/ow2/asm/asm/4.2/asm-4.2.jar:/Users/lexisnexis/.m2/repository/org/seleniumhq/selenium/selenium-java/2.46.0/selenium-java-2.46.0.jar:/Users/lexisnexis/.m2/repository/org/seleniumhq/selenium/selenium-chrome-driver/2.46.0/selenium-chrome-driver-2.46.0.jar:/Users/lexisnexis/.m2/repository/org/seleniumhq/selenium/selenium-remote-driver/2.46.0/selenium-remote-driver-2.46.0.jar:/Users/lexisnexis/.m2/repository/cglib/cglib-nodep/2.1_3/cglib-nodep-2.1_3.jar:/Users/lexisnexis/.m2/repository/org/seleniumhq/selenium/selenium-api/2.46.0/selenium-api-2.46.0.jar:/Users/lexisnexis/.m2/repository/org/seleniumhq/selenium/selenium-htmlunit-driver/2.46.0/selenium-htmlunit-driver-2.46.0.jar:/Users/lexisnexis/.m2/repository/net/sourceforge/htmlunit/htmlunit/2.17/htmlunit-2.17.jar:/Users/lexisnexis/.m2/repository/xalan/xalan/2.7.2/xalan-2.7.2.jar:/Users/lexisnexis/.m2/repository/xalan/serializer/2.7.2/serializer-2.7.2.jar:/Users/lexisnexis/.m2/repository/commons-collections/commons-collections/3.2.1/commons-collections-3.2.1.jar:/Users/lexisnexis/.m2/repository/org/apache/commons/commons-lang3/3.4/commons-lang3-3.4.jar:/Users/lexisnexis/.m2/repository/org/apache/httpcomponents/httpmime/4.4.1/httpmime-4.4.1.jar:/Users/lexisnexis/.m2/repository/net/sourceforge/htmlunit/htmlunit-core-js/2.17/htmlunit-core-js-2.17.jar:/Users/lexisnexis/.m2/repository/xerces/xercesImpl/2.11.0/xercesImpl-2.11.0.jar:/Users/lexisnexis/.m2/repository/net/sourceforge/nekohtml/nekohtml/1.9.22/nekohtml-1.9.22.jar:/Users/lexisnexis/.m2/repository/net/sourceforge/cssparser/cssparser/0.9.16/cssparser-0.9.16.jar:/Users/lexisnexis/.m2/repository/org/w3c/css/sac/1.3/sac-1.3.jar:/Users/lexisnexis/.m2/repository/org/eclipse/jetty/websocket/websocket-client/9.2.11.v20150529/websocket-client-9.2.11.v20150529.jar:/Users/lexisnexis/.m2/repository/org/eclipse/jetty/jetty-util/9.2.11.v20150529/jetty-util-9.2.11.v20150529.jar:/Users/lexisnexis/.m2/repository/org/eclipse/jetty/jetty-io/9.2.11.v20150529/jetty-io-9.2.11.v20150529.jar:/Users/lexisnexis/.m2/repository/org/eclipse/jetty/websocket/websocket-common/9.2.11.v20150529/websocket-common-9.2.11.v20150529.jar:/Users/lexisnexis/.m2/repository/org/eclipse/jetty/websocket/websocket-api/9.2.11.v20150529/websocket-api-9.2.11.v20150529.jar:/Users/lexisnexis/.m2/repository/org/seleniumhq/selenium/selenium-firefox-driver/2.46.0/selenium-firefox-driver-2.46.0.jar:/Users/lexisnexis/.m2/repository/commons-io/commons-io/2.4/commons-io-2.4.jar:/Users/lexisnexis/.m2/repository/org/apache/commons/commons-exec/1.3/commons-exec-1.3.jar:/Users/lexisnexis/.m2/repository/org/seleniumhq/selenium/selenium-ie-driver/2.46.0/selenium-ie-driver-2.46.0.jar:/Users/lexisnexis/.m2/repository/net/java/dev/jna/jna/4.1.0/jna-4.1.0.jar:/Users/lexisnexis/.m2/repository/net/java/dev/jna/jna-platform/4.1.0/jna-platform-4.1.0.jar:/Users/lexisnexis/.m2/repository/org/seleniumhq/selenium/selenium-safari-driver/2.46.0/selenium-safari-driver-2.46.0.jar:/Users/lexisnexis/.m2/repository/org/seleniumhq/selenium/selenium-support/2.46.0/selenium-support-2.46.0.jar:/Users/lexisnexis/.m2/repository/org/webbitserver/webbit/0.4.14/webbit-0.4.14.jar:/Users/lexisnexis/.m2/repository/io/netty/netty/3.5.2.Final/netty-3.5.2.Final.jar:/Users/lexisnexis/.m2/repository/org/seleniumhq/selenium/selenium-leg-rc/2.46.0/selenium-leg-rc-2.46.0.jar:/Users/lexisnexis/.m2/repository/org/apache/poi/poi-ooxml/3.9/poi-ooxml-3.9.jar:/Users/lexisnexis/.m2/repository/org/apache/poi/poi/3.9/poi-3.9.jar:/Users/lexisnexis/.m2/repository/org/apache/poi/poi-ooxml-schemas/3.9/poi-ooxml-schemas-3.9.jar:/Users/lexisnexis/.m2/repository/org/apache/xmlbeans/xmlbeans/2.3.0/xmlbeans-2.3.0.jar:/Users/lexisnexis/.m2/repository/stax/stax-api/1.0.1/stax-api-1.0.1.jar:/Users/lexisnexis/.m2/repository/dom4j/dom4j/1.6.1/dom4j-1.6.1.jar:/Users/lexisnexis/.m2/repository/xml-apis/xml-apis/1.0.b2/xml-apis-1.0.b2.jar:/Users/lexisnexis/.m2/repository/org/uncommons/reportng/1.1.4/reportng-1.1.4.jar:/Users/lexisnexis/.m2/repository/velocity/velocity/1.4/velocity-1.4.jar:/Users/lexisnexis/.m2/repository/velocity/velocity-dep/1.4/velocity-dep-1.4.jar:/Users/lexisnexis/.m2/repository/com/google/inject/guice/4.0/guice-4.0.jar:/Users/lexisnexis/.m2/repository/javax/inject/javax.inject/1/javax.inject-1.jar:/Users/lexisnexis/.m2/repository/aopalliance/aopalliance/1.0/aopalliance-1.0.jar:/Users/lexisnexis/.m2/repository/commons-net/commons-net/3.3/commons-net-3.3.jar:/Users/lexisnexis/.m2/repository/net/sourceforge/jtds/jtds/1.2.4/jtds-1.2.4.jar:/Users/lexisnexis/.m2/repository/org/apache/maven/plugins/maven-resources-plugin/2.6/maven-resources-plugin-2.6.jar:/Users/lexisnexis/.m2/repository/org/apache/maven/maven-plugin-api/2.0.6/maven-plugin-api-2.0.6.jar:/Users/lexisnexis/.m2/repository/org/apache/maven/maven-project/2.0.6/maven-project-2.0.6.jar:/Users/lexisnexis/.m2/repository/org/apache/maven/maven-profile/2.0.6/maven-profile-2.0.6.jar:/Users/lexisnexis/.m2/repository/org/apache/maven/maven-artifact-manager/2.0.6/maven-artifact-manager-2.0.6.jar:/Users/lexisnexis/.m2/repository/org/apache/maven/maven-plugin-registry/2.0.6/maven-plugin-registry-2.0.6.jar:/Users/lexisnexis/.m2/repository/org/apache/maven/maven-core/2.0.6/maven-core-2.0.6.jar:/Users/lexisnexis/.m2/repository/org/apache/maven/wagon/wagon-file/1.0-beta-2/wagon-file-1.0-beta-2.jar:/Users/lexisnexis/.m2/repository/org/apache/maven/maven-plugin-parameter-documenter/2.0.6/maven-plugin-parameter-documenter-2.0.6.jar:/Users/lexisnexis/.m2/repository/org/apache/maven/wagon/wagon-http-lightweight/1.0-beta-2/wagon-http-lightweight-1.0-beta-2.jar:/Users/lexisnexis/.m2/repository/org/apache/maven/wagon/wagon-http-shared/1.0-beta-2/wagon-http-shared-1.0-beta-2.jar:/Users/lexisnexis/.m2/repository/jtidy/jtidy/4aug2000r7-dev/jtidy-4aug2000r7-dev.jar:/Users/lexisnexis/.m2/repository/org/apache/maven/reporting/maven-reporting-api/2.0.6/maven-reporting-api-2.0.6.jar:/Users/lexisnexis/.m2/repository/org/apache/maven/doxia/doxia-sink-api/1.0-alpha-7/doxia-sink-api-1.0-alpha-7.jar:/Users/lexisnexis/.m2/repository/org/apache/maven/wagon/wagon-provider-api/1.0-beta-2/wagon-provider-api-1.0-beta-2.jar:/Users/lexisnexis/.m2/repository/org/apache/maven/maven-repository-metadata/2.0.6/maven-repository-metadata-2.0.6.jar:/Users/lexisnexis/.m2/repository/org/apache/maven/maven-error-diagnostics/2.0.6/maven-error-diagnostics-2.0.6.jar:/Users/lexisnexis/.m2/repository/commons-cli/commons-cli/1.0/commons-cli-1.0.jar:/Users/lexisnexis/.m2/repository/org/apache/maven/wagon/wagon-ssh-external/1.0-beta-2/wagon-ssh-external-1.0-beta-2.jar:/Users/lexisnexis/.m2/repository/org/apache/maven/wagon/wagon-ssh-common/1.0-beta-2/wagon-ssh-common-1.0-beta-2.jar:/Users/lexisnexis/.m2/repository/org/apache/maven/maven-plugin-descriptor/2.0.6/maven-plugin-descriptor-2.0.6.jar:/Users/lexisnexis/.m2/repository/org/codehaus/plexus/plexus-interactivity-api/1.0-alpha-4/plexus-interactivity-api-1.0-alpha-4.jar:/Users/lexisnexis/.m2/repository/org/apache/maven/wagon/wagon-ssh/1.0-beta-2/wagon-ssh-1.0-beta-2.jar:/Users/lexisnexis/.m2/repository/com/jcraft/jsch/0.1.27/jsch-0.1.27.jar:/Users/lexisnexis/.m2/repository/classworlds/classworlds/1.1/classworlds-1.1.jar:/Users/lexisnexis/.m2/repository/org/apache/maven/maven-artifact/2.0.6/maven-artifact-2.0.6.jar:/Users/lexisnexis/.m2/repository/org/apache/maven/maven-settings/2.0.6/maven-settings-2.0.6.jar:/Users/lexisnexis/.m2/repository/org/apache/maven/maven-model/2.0.6/maven-model-2.0.6.jar:/Users/lexisnexis/.m2/repository/org/apache/maven/maven-monitor/2.0.6/maven-monitor-2.0.6.jar:/Users/lexisnexis/.m2/repository/org/codehaus/plexus/plexus-container-default/1.0-alpha-9-stable-1/plexus-container-default-1.0-alpha-9-stable-1.jar:/Users/lexisnexis/.m2/repository/org/codehaus/plexus/plexus-utils/2.0.5/plexus-utils-2.0.5.jar:/Users/lexisnexis/.m2/repository/org/apache/maven/shared/maven-filtering/1.1/maven-filtering-1.1.jar:/Users/lexisnexis/.m2/repository/org/sonatype/plexus/plexus-build-api/0.0.4/plexus-build-api-0.0.4.jar:/Users/lexisnexis/.m2/repository/org/codehaus/plexus/plexus-interpolation/1.13/plexus-interpolation-1.13.jar:/Users/lexisnexis/.m2/repository/com/android/ddmlib/ddmlib/r16/ddmlib-r16.jar:/Users/lexisnexis/.m2/repository/org/testng/testng/6.9.10/testng-6.9.10.jar:/Users/lexisnexis/.m2/repository/com/beust/jcommander/1.48/jcommander-1.48.jar:/Users/lexisnexis/.m2/repository/org/beanshell/bsh/2.0b4/bsh-2.0b4.jar:"/>
    <property name="java.vm.specification.version" value="1.7"/>
    <property name="sun.arch.data.model" value="64"/>
    <property name="java.home" value="/Library/Java/JavaVirtualMachines/jdk1.7.0_75.jdk/Contents/Home/jre"/>
    <property name="sun.java.command" value="/var/folders/hd/b26w6ncj70bfdh7py6h_rhdh0000gn/T/surefirebooter5887654221341366182.jar /var/folders/hd/b26w6ncj70bfdh7py6h_rhdh0000gn/T/surefire6901934030625216401tmp /var/folders/hd/b26w6ncj70bfdh7py6h_rhdh0000gn/T/surefire1093071701532759958tmp"/>
    <property name="java.specification.vendor" value="Oracle Corporation"/>
    <property name="user.language" value="en"/>
    <property name="awt.toolkit" value="sun.awt.HToolkit"/>
    <property name="java.vm.info" value="mixed mode"/>
    <property name="java.version" value="1.7.0_75"/>
    <property name="java.ext.dirs" value="/Users/lexisnexis/Library/Java/Extensions:/Library/Java/JavaVirtualMachines/jdk1.7.0_75.jdk/Contents/Home/jre/lib/ext:/Library/Java/Extensions:/Network/Library/Java/Extensions:/System/Library/Java/Extensions:/usr/lib/java"/>
    <property name="sun.boot.class.path" value="/Library/Java/JavaVirtualMachines/jdk1.7.0_75.jdk/Contents/Home/jre/lib/resources.jar:/Library/Java/JavaVirtualMachines/jdk1.7.0_75.jdk/Contents/Home/jre/lib/rt.jar:/Library/Java/JavaVirtualMachines/jdk1.7.0_75.jdk/Contents/Home/jre/lib/sunrsasign.jar:/Library/Java/JavaVirtualMachines/jdk1.7.0_75.jdk/Contents/Home/jre/lib/jsse.jar:/Library/Java/JavaVirtualMachines/jdk1.7.0_75.jdk/Contents/Home/jre/lib/jce.jar:/Library/Java/JavaVirtualMachines/jdk1.7.0_75.jdk/Contents/Home/jre/lib/charsets.jar:/Library/Java/JavaVirtualMachines/jdk1.7.0_75.jdk/Contents/Home/jre/lib/jfr.jar:/Library/Java/JavaVirtualMachines/jdk1.7.0_75.jdk/Contents/Home/jre/classes"/>
    <property name="java.vendor" value="Oracle Corporation"/>
    <property name="localRepository" value="/Users/lexisnexis/.m2/repository"/>
    <property name="file.separator" value="/"/>
    <property name="java.vendor.url.bug" value="http://bugreport.sun.com/bugreport/"/>
    <property name="sun.cpu.endian" value="little"/>
    <property name="sun.io.unicode.encoding" value="UnicodeBig"/>
    <property name="socksNonProxyHosts" value="local„ÄÅ169.254/16|*.local„ÄÅ169.254/16"/>
    <property name="ftp.nonProxyHosts" value="local„ÄÅ169.254/16|*.local„ÄÅ169.254/16"/>
    <property name="sun.cpu.isalist" value=""/>
  </properties>
  <testcase time="0.003" classname="com.appium.Android_testcase.Demo" name="login">
    <failure type="java.lang.NullPointerException">java.lang.NullPointerException
	at com.appium.driver.ElementUtils.isExistElement(ElementUtils.java:113)
	at com.appium.Android_page.LoginPage.skipTour(LoginPage.java:76)
	at com.appium.Android_testcase.Demo.login(Demo.java:56)
</failure>
    <system-out>[2016-06-21 13:37:35]java.io.IOException: Cannot run program &quot;/Users/qa/android-sdks/platform-tools/adb&quot;: error=2, No such file or directory
[2016-06-21 13:37:35]java.lang.NullPointerException
[2016-06-21 13:37:35]=========================Login=============================
</system-out>
  </testcase>
  <testcase time="0.009" classname="com.appium.Android_testcase.Demo" name="download">
    <skipped/>
  </testcase>
  <testcase time="0.01" classname="com.appium.Android_testcase.Demo" name="contact">
    <skipped/>
  </testcase>
  <testcase time="0.01" classname="com.appium.Android_testcase.Demo" name="filterPublication">
    <skipped/>
  </testcase>
  <testcase time="0.011" classname="com.appium.Android_testcase.Demo" name="index">
    <skipped/>
  </testcase>
  <testcase time="0.011" classname="com.appium.Android_testcase.Demo" name="recentHistory">
    <skipped/>
  </testcase>
  <testcase time="0.012" classname="com.appium.Android_testcase.Demo" name="TOCHide">
    <skipped/>
  </testcase>
  <testcase time="0.012" classname="com.appium.Android_testcase.Demo" name="search">
    <skipped/>
  </testcase>
  <testcase time="0.013" classname="com.appium.Android_testcase.Demo" name="logout">
    <skipped/>
  </testcase>
</testsuite>