<?xml version="1.0" encoding="UTF-8"?>
<!-- Generated by org.testng.reporters.JUnitReportReporter -->
<testsuite hostname="LNGSHAL-025" name="com.appium.Android_testcase.ResentHistoryTest" tests="1" failures="0" timestamp="7 Dec 2015 03:19:53 GMT" time="68.388" errors="0">
  <testcase name="resentHistory" time="68.388" classname="com.appium.Android_testcase.ResentHistoryTest"/>
</testsuite> <!-- com.appium.Android_testcase.ResentHistoryTest -->
