<?xml version="1.0" encoding="UTF-8"?>
<!-- Generated by org.testng.reporters.JUnitReportReporter -->
<testsuite hostname="LNGSHAL-025" name="com.appium.Android_testcase.ContactAndScrollTest" tests="1" failures="0" timestamp="24 Dec 2015 06:49:23 GMT" time="51.854" errors="0">
  <testcase name="login" time="51.854" classname="com.appium.Android_testcase.ContactAndScrollTest"/>
</testsuite> <!-- com.appium.Android_testcase.ContactAndScrollTest -->
