<?xml version="1.0" encoding="UTF-8"?>
<!-- Generated by org.testng.reporters.JUnitReportReporter -->
<testsuite hostname="LNGSHAL-025" name="com.appium.test.Demo" tests="2" failures="0" timestamp="26 Oct 2015 03:39:28 GMT" time="22.255" errors="0">
  <testcase name="logout" time="11.718" classname="com.appium.test.Demo"/>
  <testcase name="logout" time="10.537" classname="com.appium.test.Demo"/>
</testsuite> <!-- com.appium.test.Demo -->
