<?xml version="1.0" encoding="UTF-8"?>
<!-- Generated by org.testng.reporters.JUnitReportReporter -->
<testsuite hostname="LNGSHAL-025" name="com.appium.Android_testcase.SearchTest" tests="1" failures="0" timestamp="7 Jan 2016 08:59:29 GMT" time="49.797" errors="0">
  <testcase name="search" time="49.797" classname="com.appium.Android_testcase.SearchTest"/>
</testsuite> <!-- com.appium.Android_testcase.SearchTest -->
