<?xml version="1.0" encoding="UTF-8"?>
<!-- Generated by org.testng.reporters.JUnitReportReporter -->
<testsuite hostname="LNGSHAL-025" name="com.appium.Android_testcase.FilterPublicationTest" tests="1" failures="0" timestamp="6 Jan 2016 06:49:44 GMT" time="13.806" errors="0">
  <testcase name="checkFTC" time="13.806" classname="com.appium.Android_testcase.FilterPublicationTest"/>
</testsuite> <!-- com.appium.Android_testcase.FilterPublicationTest -->
