<?xml version="1.0" encoding="UTF-8"?>
<!-- Generated by org.testng.reporters.JUnitReportReporter -->
<testsuite hostname="LNGSHAL-025" name="com.appium.testcase.LogoutTest" tests="2" failures="0" timestamp="1 Jul 2015 01:31:06 GMT" time="13.468" errors="0">
  <testcase name="logout" time="9.960" classname="com.appium.testcase.LogoutTest"/>
  <testcase name="logout2" time="3.508" classname="com.appium.testcase.LogoutTest"/>
</testsuite> <!-- com.appium.testcase.LogoutTest -->
