<?xml version="1.0" encoding="UTF-8"?>
<!-- Generated by org.testng.reporters.JUnitReportReporter -->
<testsuite hostname="LNGSHAL-025" name="com.appium.Android_testcase.TOCTest" tests="1" failures="0" timestamp="6 Jan 2016 08:24:59 GMT" time="27.136" errors="0">
  <testcase name="TOC" time="27.136" classname="com.appium.Android_testcase.TOCTest"/>
</testsuite> <!-- com.appium.Android_testcase.TOCTest -->
