<?xml version="1.0" encoding="UTF-8"?>
<!-- Generated by org.testng.reporters.JUnitReportReporter -->
<testsuite hostname="Fred-wifi.local" name="com.appium.iOS_testcase.ResetPasswordTest" tests="1" failures="0" timestamp="29 Jul 2015 06:52:03 GMT" time="151.327" errors="0">
  <testcase name="resetPassword" time="151.327" classname="com.appium.iOS_testcase.ResetPasswordTest"/>
</testsuite> <!-- com.appium.iOS_testcase.ResetPasswordTest -->
