<?xml version="1.0" encoding="UTF-8"?>
<!-- Generated by org.testng.reporters.JUnitReportReporter -->
<testsuite hostname="LNGSHAL-025" name="com.appium.Android_testcase.GoToTest" tests="1" failures="0" timestamp="31 Dec 2015 05:14:21 GMT" time="31.541" errors="0">
  <testcase name="gotoPageTest" time="31.541" classname="com.appium.Android_testcase.GoToTest"/>
</testsuite> <!-- com.appium.Android_testcase.GoToTest -->
