<?xml version="1.0" encoding="UTF-8"?>
<!-- Generated by org.testng.reporters.JUnitReportReporter -->
<testsuite hostname="LNGSHAL-025" name="com.appium.Android_testcase.ResetPasswordTest" tests="1" failures="0" timestamp="28 Oct 2015 07:00:10 GMT" time="120.345" errors="0">
  <testcase name="resetPassword" time="120.345" classname="com.appium.Android_testcase.ResetPasswordTest"/>
</testsuite> <!-- com.appium.Android_testcase.ResetPasswordTest -->
