<?xml version="1.0" encoding="UTF-8"?>
<!-- Generated by org.testng.reporters.JUnitReportReporter -->
<testsuite hostname="LNGSHAL-025" name="com.appium.Android_testcase.DownloadTest" tests="1" failures="0" timestamp="7 Jan 2016 06:36:05 GMT" time="54.689" errors="0">
  <testcase name="download" time="54.689" classname="com.appium.Android_testcase.DownloadTest"/>
</testsuite> <!-- com.appium.Android_testcase.DownloadTest -->
