<?xml version="1.0" encoding="UTF-8"?>
<!-- Generated by org.testng.reporters.JUnitReportReporter -->
<testsuite hostname="LNGSHAL-025" name="com.appium.Android_testcase.IndexTest" tests="1" failures="0" timestamp="31 Dec 2015 05:10:10 GMT" time="25.858" errors="0">
  <testcase name="index" time="25.858" classname="com.appium.Android_testcase.IndexTest"/>
</testsuite> <!-- com.appium.Android_testcase.IndexTest -->
