<?xml version="1.0" encoding="UTF-8"?>
<!-- Generated by org.testng.reporters.JUnitReportReporter -->
<testsuite hostname="Fred-wifi.local" name="com.appium.testcase_Android.LogoutTest" tests="1" failures="0" timestamp="24 Jul 2015 04:38:27 GMT" time="12.242" errors="0">
  <testcase name="logout" time="12.242" classname="com.appium.testcase_Android.LogoutTest"/>
</testsuite> <!-- com.appium.testcase_Android.LogoutTest -->
