<?xml version="1.0" encoding="UTF-8"?>
<!-- Generated by org.testng.reporters.JUnitReportReporter -->
<testsuite hostname="LNGSHAL-025" name="com.appium.Android_testcase.RecentHistoryTest" tests="2" failures="0" timestamp="13 Jan 2016 05:48:13 GMT" time="227.670" errors="0">
  <testcase name="maxHistoryNO" time="171.090" classname="com.appium.Android_testcase.RecentHistoryTest"/>
  <testcase name="recentHistory" time="56.580" classname="com.appium.Android_testcase.RecentHistoryTest"/>
</testsuite> <!-- com.appium.Android_testcase.RecentHistoryTest -->
